2019-12-04 16:48:39,819 INFO o.a.j.u.JMeterUtils: Setting Locale to en_US
2019-12-04 16:48:39,832 INFO o.a.j.JMeter: Loading user properties from: user.properties
2019-12-04 16:48:39,832 INFO o.a.j.JMeter: Loading system properties from: system.properties
2019-12-04 16:48:39,833 INFO o.a.j.JMeter: Copyright (c) 1998-2019 The Apache Software Foundation
2019-12-04 16:48:39,833 INFO o.a.j.JMeter: Version 5.2.1
2019-12-04 16:48:39,834 INFO o.a.j.JMeter: java.version=1.8.0_231
2019-12-04 16:48:39,834 INFO o.a.j.JMeter: java.vm.name=Java HotSpot(TM) Client VM
2019-12-04 16:48:39,834 INFO o.a.j.JMeter: os.name=Windows 10
2019-12-04 16:48:39,834 INFO o.a.j.JMeter: os.arch=x86
2019-12-04 16:48:39,834 INFO o.a.j.JMeter: os.version=10.0
2019-12-04 16:48:39,834 INFO o.a.j.JMeter: file.encoding=Cp1252
2019-12-04 16:48:39,834 INFO o.a.j.JMeter: java.awt.headless=null
2019-12-04 16:48:39,834 INFO o.a.j.JMeter: Max memory     =259522560
2019-12-04 16:48:39,834 INFO o.a.j.JMeter: Available Processors =8
2019-12-04 16:48:39,837 INFO o.a.j.JMeter: Default Locale=English (United States)
2019-12-04 16:48:39,837 INFO o.a.j.JMeter: JMeter  Locale=English (United States)
2019-12-04 16:48:39,837 INFO o.a.j.JMeter: JMeterHome=D:\JMeter\apache-jmeter-5.2.1
2019-12-04 16:48:39,837 INFO o.a.j.JMeter: user.dir  =D:\JMeter\apache-jmeter-5.2.1\bin
2019-12-04 16:48:39,837 INFO o.a.j.JMeter: PWD       =D:\JMeter\apache-jmeter-5.2.1\bin
2019-12-04 16:48:39,838 INFO o.a.j.JMeter: IP: 172.18.2.243 Name: DESKTOP-UOJ8RS0 FullName: DESKTOP-UOJ8RS0
2019-12-04 16:48:40,053 INFO o.a.j.g.a.LookAndFeelCommand: Installing Darcula LAF
2019-12-04 16:48:40,071 INFO o.a.j.g.a.LookAndFeelCommand: Using look and feel: com.bulenkov.darcula.DarculaLaf [Darcula]
2019-12-04 16:48:40,071 INFO o.a.j.JMeter: Setting LAF to: com.bulenkov.darcula.DarculaLaf
2019-12-04 16:48:40,151 INFO o.a.j.JMeter: Loaded icon properties from org/apache/jmeter/images/icon.properties
2019-12-04 16:48:41,288 INFO o.j.r.JARSourceHTTP: Found cached repo
2019-12-04 16:48:41,434 INFO o.j.r.PluginManager: Plugins Status: [jpgc-plugins-manager=1.3, jpgc-webdriver=3.1, jmeter-core=5.2.1, jmeter-ftp=5.2.1, jmeter-http=5.2.1, jmeter-jdbc=5.2.1, jmeter-jms=5.2.1, jmeter-junit=5.2.1, jmeter-java=5.2.1, jmeter-ldap=5.2.1, jmeter-mail=5.2.1, jmeter-mongodb=5.2.1, jmeter-native=5.2.1, jmeter-tcp=5.2.1, jmeter-components=5.2.1]
2019-12-04 16:48:42,849 INFO o.a.j.p.h.s.HTTPSamplerBase: Parser for text/html is org.apache.jmeter.protocol.http.parser.LagartoBasedHtmlParser
2019-12-04 16:48:42,850 INFO o.a.j.p.h.s.HTTPSamplerBase: Parser for application/xhtml+xml is org.apache.jmeter.protocol.http.parser.LagartoBasedHtmlParser
2019-12-04 16:48:42,850 INFO o.a.j.p.h.s.HTTPSamplerBase: Parser for application/xml is org.apache.jmeter.protocol.http.parser.LagartoBasedHtmlParser
2019-12-04 16:48:42,850 INFO o.a.j.p.h.s.HTTPSamplerBase: Parser for text/xml is org.apache.jmeter.protocol.http.parser.LagartoBasedHtmlParser
2019-12-04 16:48:42,850 INFO o.a.j.p.h.s.HTTPSamplerBase: Parser for text/vnd.wap.wml is org.apache.jmeter.protocol.http.parser.RegexpHTMLParser
2019-12-04 16:48:42,850 INFO o.a.j.p.h.s.HTTPSamplerBase: Parser for text/css is org.apache.jmeter.protocol.http.parser.CssParser
2019-12-04 16:48:43,100 INFO o.a.j.e.KeyToolUtils: keytool found at 'keytool'
2019-12-04 16:48:43,100 INFO o.a.j.p.h.p.ProxyControl: HTTP(S) Test Script Recorder SSL Proxy will use keys that support embedded 3rd party resources in file D:\JMeter\apache-jmeter-5.2.1\bin\proxyserver.jks
2019-12-04 16:48:43,218 INFO o.a.j.s.FileServer: Default base='D:\JMeter\apache-jmeter-5.2.1\bin'
2019-12-04 16:48:44,054 INFO o.a.j.s.SampleResult: Note: Sample TimeStamps are START times
2019-12-04 16:48:44,054 INFO o.a.j.s.SampleResult: sampleresult.default.encoding is set to ISO-8859-1
2019-12-04 16:48:44,054 INFO o.a.j.s.SampleResult: sampleresult.useNanoTime=true
2019-12-04 16:48:44,054 INFO o.a.j.s.SampleResult: sampleresult.nanoThreadSleep=5000
2019-12-04 16:50:28,504 INFO o.a.j.g.a.Load: Loading file: D:\JMeter\apache-jmeter-5.2.1\bin\diana.jmx
2019-12-04 16:50:28,504 INFO o.a.j.s.FileServer: Set new base='D:\JMeter\apache-jmeter-5.2.1\bin'
2019-12-04 16:50:28,612 INFO o.a.j.s.SaveService: Testplan (JMX) version: 2.2. Testlog (JTL) version: 2.2
2019-12-04 16:50:28,614 INFO o.a.j.s.SaveService: Using SaveService properties file encoding UTF-8
2019-12-04 16:50:28,615 INFO o.a.j.s.SaveService: Using SaveService properties version 5.0
2019-12-04 16:50:28,618 INFO o.a.j.s.SaveService: Loading file: D:\JMeter\apache-jmeter-5.2.1\bin\diana.jmx
2019-12-04 16:50:28,913 INFO o.a.j.s.FileServer: Set new base='D:\JMeter\apache-jmeter-5.2.1\bin'
2019-12-04 16:51:20,525 ERROR o.a.j.g.a.AbstractAction: Could not delete existing file C:\Program Files\JMeter\apache-jmeter-5.2.1\bin\report.jtl
2019-12-04 16:51:29,171 INFO o.a.j.e.StandardJMeterEngine: Running the test!
2019-12-04 16:51:29,172 INFO o.a.j.s.SampleEvent: List of sample_variables: []
2019-12-04 16:51:29,172 INFO o.a.j.s.SampleEvent: List of sample_variables: []
2019-12-04 16:51:29,174 INFO o.a.j.e.u.CompoundVariable: Note: Function class names must contain the string: '.functions.'
2019-12-04 16:51:29,174 INFO o.a.j.e.u.CompoundVariable: Note: Function class names must not contain the string: '.gui.'
2019-12-04 16:51:29,418 INFO o.a.j.g.u.JMeterMenuBar: setRunning(true, *local*)
2019-12-04 16:51:29,490 INFO o.a.j.e.StandardJMeterEngine: Starting ThreadGroup: 1 : Users
2019-12-04 16:51:29,490 INFO o.a.j.e.StandardJMeterEngine: Starting 5 threads for group Users.
2019-12-04 16:51:29,490 INFO o.a.j.e.StandardJMeterEngine: Thread will continue on error
2019-12-04 16:51:29,490 INFO o.a.j.t.ThreadGroup: Starting thread group... number=1 threads=5 ramp-up=1 delayedStart=false
2019-12-04 16:51:29,497 INFO o.a.j.t.JMeterThread: Thread started: Users 1-1
2019-12-04 16:51:29,501 INFO o.a.j.t.ThreadGroup: Started thread group number 1
2019-12-04 16:51:29,501 INFO o.a.j.e.StandardJMeterEngine: All thread groups have been started
2019-12-04 16:51:29,694 INFO o.a.j.t.JMeterThread: Thread started: Users 1-2
2019-12-04 16:51:29,892 INFO o.a.j.t.JMeterThread: Thread started: Users 1-3
2019-12-04 16:51:30,092 INFO o.a.j.t.JMeterThread: Thread started: Users 1-4
2019-12-04 16:51:30,292 INFO o.a.j.t.JMeterThread: Thread started: Users 1-5
2019-12-04 16:51:39,279 INFO c.g.j.p.w.s.WebDriverSampler: Sample started
2019-12-04 16:51:39,279 INFO c.g.j.p.w.s.WebDriverSampler: Sample started
2019-12-04 16:51:39,279 INFO c.g.j.p.w.s.WebDriverSampler: Sample started
2019-12-04 16:51:39,359 INFO c.g.j.p.w.s.WebDriverSampler: Sample started
2019-12-04 16:51:39,603 INFO c.g.j.p.w.s.WebDriverSampler: Sample started
2019-12-04 16:51:42,094 INFO c.g.j.p.w.s.WebDriverSampler: go to Slim&Fit chat bot
2019-12-04 16:51:42,112 INFO c.g.j.p.w.s.WebDriverSampler: maximize
2019-12-04 16:51:44,207 INFO c.g.j.p.w.s.WebDriverSampler: iframe
2019-12-04 16:51:44,237 INFO c.g.j.p.w.s.WebDriverSampler: explore page frame
2019-12-04 16:51:46,651 INFO c.g.j.p.w.s.WebDriverSampler: go to Slim&Fit chat bot
2019-12-04 16:51:46,651 INFO c.g.j.p.w.s.WebDriverSampler: go to Slim&Fit chat bot
2019-12-04 16:51:46,656 INFO c.g.j.p.w.s.WebDriverSampler: go to Slim&Fit chat bot
2019-12-04 16:51:46,660 INFO c.g.j.p.w.s.WebDriverSampler: maximize
2019-12-04 16:51:46,660 INFO c.g.j.p.w.s.WebDriverSampler: maximize
2019-12-04 16:51:46,665 INFO c.g.j.p.w.s.WebDriverSampler: maximize
2019-12-04 16:51:46,678 INFO c.g.j.p.w.s.WebDriverSampler: iframe
2019-12-04 16:51:46,679 INFO c.g.j.p.w.s.WebDriverSampler: iframe
2019-12-04 16:51:46,685 INFO c.g.j.p.w.s.WebDriverSampler: iframe
2019-12-04 16:51:46,699 INFO c.g.j.p.w.s.WebDriverSampler: explore page frame
2019-12-04 16:51:46,699 INFO c.g.j.p.w.s.WebDriverSampler: explore page frame
2019-12-04 16:51:46,710 INFO c.g.j.p.w.s.WebDriverSampler: explore page frame
2019-12-04 16:51:46,742 INFO c.g.j.p.w.s.WebDriverSampler: form input
2019-12-04 16:51:46,742 INFO c.g.j.p.w.s.WebDriverSampler: form input
2019-12-04 16:51:46,755 INFO c.g.j.p.w.s.WebDriverSampler: form input
2019-12-04 16:51:46,801 INFO c.g.j.p.w.s.WebDriverSampler: go to Slim&Fit chat bot
2019-12-04 16:51:46,811 INFO c.g.j.p.w.s.WebDriverSampler: maximize
2019-12-04 16:51:46,833 INFO c.g.j.p.w.s.WebDriverSampler: iframe
2019-12-04 16:51:46,853 INFO c.g.j.p.w.s.WebDriverSampler: explore page frame
2019-12-04 16:51:46,889 INFO c.g.j.p.w.s.WebDriverSampler: form input
2019-12-04 16:51:46,891 INFO c.g.j.p.w.s.WebDriverSampler: form input
2019-12-04 16:51:46,893 INFO c.g.j.p.w.s.WebDriverSampler: input nama
2019-12-04 16:51:46,893 INFO c.g.j.p.w.s.WebDriverSampler: input nama
2019-12-04 16:51:46,894 INFO c.g.j.p.w.s.WebDriverSampler: input nama
2019-12-04 16:51:47,005 INFO c.g.j.p.w.s.WebDriverSampler: input nama
2019-12-04 16:51:47,007 INFO c.g.j.p.w.s.WebDriverSampler: input email
2019-12-04 16:51:47,007 INFO c.g.j.p.w.s.WebDriverSampler: input email
2019-12-04 16:51:47,007 INFO c.g.j.p.w.s.WebDriverSampler: input email
2019-12-04 16:51:47,019 INFO c.g.j.p.w.s.WebDriverSampler: input nama
2019-12-04 16:51:47,104 INFO c.g.j.p.w.s.WebDriverSampler: input no-hp
2019-12-04 16:51:47,106 INFO c.g.j.p.w.s.WebDriverSampler: input no-hp
2019-12-04 16:51:47,112 INFO c.g.j.p.w.s.WebDriverSampler: input no-hp
2019-12-04 16:51:47,125 INFO c.g.j.p.w.s.WebDriverSampler: frame button Mulai Chat
2019-12-04 16:51:47,126 INFO c.g.j.p.w.s.WebDriverSampler: frame button Mulai Chat
2019-12-04 16:51:47,127 INFO c.g.j.p.w.s.WebDriverSampler: input email
2019-12-04 16:51:47,136 INFO c.g.j.p.w.s.WebDriverSampler: frame button Mulai Chat
2019-12-04 16:51:47,141 INFO c.g.j.p.w.s.WebDriverSampler: input email
2019-12-04 16:51:47,198 INFO c.g.j.p.w.s.WebDriverSampler: input no-hp
2019-12-04 16:51:47,205 INFO c.g.j.p.w.s.WebDriverSampler: input no-hp
2019-12-04 16:51:47,210 INFO c.g.j.p.w.s.WebDriverSampler: frame button Mulai Chat
2019-12-04 16:51:47,218 INFO c.g.j.p.w.s.WebDriverSampler: frame button Mulai Chat
2019-12-04 16:51:48,526 INFO o.a.j.g.a.Start: Stopping test
2019-12-04 16:51:48,539 INFO o.a.j.t.JMeterThread: Stopping: Users 1-4
2019-12-04 16:51:48,539 WARN o.a.j.t.JMeterThread: Sampler is not Interruptible: jp@gc - WebDriver Sampler
2019-12-04 16:51:48,539 INFO o.a.j.t.JMeterThread: Stopping: Users 1-2
2019-12-04 16:51:48,539 WARN o.a.j.t.JMeterThread: Sampler is not Interruptible: jp@gc - WebDriver Sampler
2019-12-04 16:51:48,539 INFO o.a.j.t.JMeterThread: Stopping: Users 1-3
2019-12-04 16:51:48,540 ERROR c.g.j.p.w.s.WebDriverSampler: java.lang.InterruptedException: sleep interrupted
2019-12-04 16:51:48,540 WARN o.a.j.t.JMeterThread: Sampler is not Interruptible: jp@gc - WebDriver Sampler
2019-12-04 16:51:48,539 ERROR c.g.j.p.w.s.WebDriverSampler: java.lang.InterruptedException: sleep interrupted
2019-12-04 16:51:48,540 INFO o.a.j.t.JMeterThread: Stopping: Users 1-5
2019-12-04 16:51:48,540 WARN o.a.j.t.JMeterThread: Sampler is not Interruptible: jp@gc - WebDriver Sampler
2019-12-04 16:51:48,540 ERROR c.g.j.p.w.s.WebDriverSampler: java.lang.InterruptedException: sleep interrupted
2019-12-04 16:51:48,540 INFO o.a.j.t.JMeterThread: Stopping: Users 1-1
2019-12-04 16:51:48,540 WARN o.a.j.t.JMeterThread: Sampler is not Interruptible: jp@gc - WebDriver Sampler
2019-12-04 16:51:48,540 ERROR c.g.j.p.w.s.WebDriverSampler: java.lang.InterruptedException: sleep interrupted
2019-12-04 16:51:48,540 ERROR c.g.j.p.w.s.WebDriverSampler: java.lang.InterruptedException: sleep interrupted
2019-12-04 16:51:48,541 INFO o.a.j.t.JMeterThread: Thread finished: Users 1-1
2019-12-04 16:51:48,541 INFO o.a.j.t.JMeterThread: Thread finished: Users 1-4
2019-12-04 16:51:48,541 INFO o.a.j.t.JMeterThread: Thread finished: Users 1-2
2019-12-04 16:51:48,541 INFO o.a.j.t.JMeterThread: Thread finished: Users 1-5
2019-12-04 16:51:48,541 INFO o.a.j.t.JMeterThread: Thread finished: Users 1-3
2019-12-04 16:51:49,195 INFO o.a.j.e.StandardJMeterEngine: Notifying test listeners of end of test
2019-12-04 16:51:49,195 INFO o.a.j.g.u.JMeterMenuBar: setRunning(false, *local*)
2019-12-04 16:52:13,631 INFO o.a.j.e.StandardJMeterEngine: Running the test!
2019-12-04 16:52:13,631 INFO o.a.j.s.SampleEvent: List of sample_variables: []
2019-12-04 16:52:13,633 INFO o.a.j.g.u.JMeterMenuBar: setRunning(true, *local*)
2019-12-04 16:52:13,706 INFO o.a.j.e.StandardJMeterEngine: Starting ThreadGroup: 1 : Users
2019-12-04 16:52:13,706 INFO o.a.j.e.StandardJMeterEngine: Starting 5 threads for group Users.
2019-12-04 16:52:13,706 INFO o.a.j.e.StandardJMeterEngine: Thread will continue on error
2019-12-04 16:52:13,706 INFO o.a.j.t.ThreadGroup: Starting thread group... number=1 threads=5 ramp-up=1 delayedStart=false
2019-12-04 16:52:13,708 INFO o.a.j.t.JMeterThread: Thread started: Users 1-1
2019-12-04 16:52:13,715 INFO o.a.j.t.ThreadGroup: Started thread group number 1
2019-12-04 16:52:13,715 INFO o.a.j.e.StandardJMeterEngine: All thread groups have been started
2019-12-04 16:52:13,909 INFO o.a.j.t.JMeterThread: Thread started: Users 1-2
2019-12-04 16:52:14,110 INFO o.a.j.t.JMeterThread: Thread started: Users 1-3
2019-12-04 16:52:14,309 INFO o.a.j.t.JMeterThread: Thread started: Users 1-4
2019-12-04 16:52:14,509 INFO o.a.j.t.JMeterThread: Thread started: Users 1-5
2019-12-04 16:52:22,891 INFO c.g.j.p.w.s.WebDriverSampler: Sample started
2019-12-04 16:52:23,149 INFO c.g.j.p.w.s.WebDriverSampler: Sample started
2019-12-04 16:52:23,297 INFO c.g.j.p.w.s.WebDriverSampler: Sample started
2019-12-04 16:52:23,450 INFO c.g.j.p.w.s.WebDriverSampler: Sample started
2019-12-04 16:52:23,634 INFO c.g.j.p.w.s.WebDriverSampler: Sample started
2019-12-04 16:52:24,779 INFO c.g.j.p.w.s.WebDriverSampler: go to Slim&Fit chat bot
2019-12-04 16:52:24,786 INFO c.g.j.p.w.s.WebDriverSampler: maximize
2019-12-04 16:52:25,317 INFO c.g.j.p.w.s.WebDriverSampler: go to Slim&Fit chat bot
2019-12-04 16:52:25,324 INFO c.g.j.p.w.s.WebDriverSampler: maximize
2019-12-04 16:52:26,840 INFO c.g.j.p.w.s.WebDriverSampler: iframe
2019-12-04 16:52:26,857 INFO c.g.j.p.w.s.WebDriverSampler: explore page frame
2019-12-04 16:52:26,869 INFO c.g.j.p.w.s.WebDriverSampler: iframe
2019-12-04 16:52:26,886 INFO c.g.j.p.w.s.WebDriverSampler: explore page frame
2019-12-04 16:52:28,417 INFO c.g.j.p.w.s.WebDriverSampler: form input
2019-12-04 16:52:28,485 INFO c.g.j.p.w.s.WebDriverSampler: form input
2019-12-04 16:52:28,525 INFO c.g.j.p.w.s.WebDriverSampler: input nama
2019-12-04 16:52:28,591 INFO c.g.j.p.w.s.WebDriverSampler: input nama
2019-12-04 16:52:28,617 INFO c.g.j.p.w.s.WebDriverSampler: input email
2019-12-04 16:52:28,680 INFO c.g.j.p.w.s.WebDriverSampler: input email
2019-12-04 16:52:28,689 INFO c.g.j.p.w.s.WebDriverSampler: input no-hp
2019-12-04 16:52:28,709 INFO c.g.j.p.w.s.WebDriverSampler: frame button Mulai Chat
2019-12-04 16:52:28,753 INFO c.g.j.p.w.s.WebDriverSampler: input no-hp
2019-12-04 16:52:28,770 INFO c.g.j.p.w.s.WebDriverSampler: frame button Mulai Chat
2019-12-04 16:52:29,539 INFO c.g.j.p.w.s.WebDriverSampler: go to Slim&Fit chat bot
2019-12-04 16:52:29,548 INFO c.g.j.p.w.s.WebDriverSampler: maximize
2019-12-04 16:52:29,567 INFO c.g.j.p.w.s.WebDriverSampler: iframe
2019-12-04 16:52:29,582 INFO c.g.j.p.w.s.WebDriverSampler: explore page frame
2019-12-04 16:52:29,613 INFO c.g.j.p.w.s.WebDriverSampler: form input
2019-12-04 16:52:29,693 INFO c.g.j.p.w.s.WebDriverSampler: go to Slim&Fit chat bot
2019-12-04 16:52:29,699 INFO c.g.j.p.w.s.WebDriverSampler: input nama
2019-12-04 16:52:29,701 INFO c.g.j.p.w.s.WebDriverSampler: maximize
2019-12-04 16:52:29,718 INFO c.g.j.p.w.s.WebDriverSampler: iframe
2019-12-04 16:52:29,735 INFO c.g.j.p.w.s.WebDriverSampler: explore page frame
2019-12-04 16:52:29,783 INFO c.g.j.p.w.s.WebDriverSampler: form input
2019-12-04 16:52:29,822 INFO c.g.j.p.w.s.WebDriverSampler: input email
2019-12-04 16:52:29,870 INFO c.g.j.p.w.s.WebDriverSampler: input nama
2019-12-04 16:52:29,890 INFO c.g.j.p.w.s.WebDriverSampler: input no-hp
2019-12-04 16:52:29,905 INFO c.g.j.p.w.s.WebDriverSampler: frame button Mulai Chat
2019-12-04 16:52:29,946 INFO c.g.j.p.w.s.WebDriverSampler: input email
2019-12-04 16:52:30,011 INFO c.g.j.p.w.s.WebDriverSampler: input no-hp
2019-12-04 16:52:30,040 INFO c.g.j.p.w.s.WebDriverSampler: frame button Mulai Chat
2019-12-04 16:52:30,699 INFO c.g.j.p.w.s.WebDriverSampler: go to Slim&Fit chat bot
2019-12-04 16:52:30,707 INFO c.g.j.p.w.s.WebDriverSampler: maximize
2019-12-04 16:52:30,722 INFO c.g.j.p.w.s.WebDriverSampler: iframe
2019-12-04 16:52:30,737 INFO c.g.j.p.w.s.WebDriverSampler: explore page frame
2019-12-04 16:52:30,767 INFO c.g.j.p.w.s.WebDriverSampler: form input
2019-12-04 16:52:30,849 INFO c.g.j.p.w.s.WebDriverSampler: Click Mulai Chat
2019-12-04 16:52:30,865 INFO c.g.j.p.w.s.WebDriverSampler: input nama
2019-12-04 16:52:30,907 INFO c.g.j.p.w.s.WebDriverSampler: Click Mulai Chat
2019-12-04 16:52:30,953 INFO c.g.j.p.w.s.WebDriverSampler: input email
2019-12-04 16:52:31,018 INFO c.g.j.p.w.s.WebDriverSampler: input no-hp
2019-12-04 16:52:31,033 INFO c.g.j.p.w.s.WebDriverSampler: frame button Mulai Chat
2019-12-04 16:52:32,039 INFO c.g.j.p.w.s.WebDriverSampler: Click Mulai Chat
2019-12-04 16:52:32,177 INFO c.g.j.p.w.s.WebDriverSampler: Click Mulai Chat
2019-12-04 16:52:32,867 INFO c.g.j.p.w.s.WebDriverSampler: User say HAI DIANA
2019-12-04 16:52:32,883 INFO c.g.j.p.w.s.WebDriverSampler: Bot response
2019-12-04 16:52:32,902 INFO c.g.j.p.w.s.WebDriverSampler: Bot response2
2019-12-04 16:52:32,920 INFO c.g.j.p.w.s.WebDriverSampler: Bot response3
2019-12-04 16:52:32,931 INFO c.g.j.p.w.s.WebDriverSampler: User say HAI DIANA
2019-12-04 16:52:32,937 INFO c.g.j.p.w.s.WebDriverSampler: Bot response4
2019-12-04 16:52:32,949 INFO c.g.j.p.w.s.WebDriverSampler: Bot response
2019-12-04 16:52:32,952 INFO c.g.j.p.w.s.WebDriverSampler: Bot response5
2019-12-04 16:52:32,966 INFO c.g.j.p.w.s.WebDriverSampler: Bot response2
2019-12-04 16:52:32,981 INFO c.g.j.p.w.s.WebDriverSampler: Bot response3
2019-12-04 16:52:32,996 INFO c.g.j.p.w.s.WebDriverSampler: Bot response4
2019-12-04 16:52:33,013 INFO c.g.j.p.w.s.WebDriverSampler: Bot response5
2019-12-04 16:52:33,191 INFO c.g.j.p.w.s.WebDriverSampler: Click Mulai Chat
2019-12-04 16:52:34,069 INFO c.g.j.p.w.s.WebDriverSampler: User say HAI DIANA
2019-12-04 16:52:34,091 INFO c.g.j.p.w.s.WebDriverSampler: Bot response
2019-12-04 16:52:34,113 INFO c.g.j.p.w.s.WebDriverSampler: Bot response2
2019-12-04 16:52:34,131 INFO c.g.j.p.w.s.WebDriverSampler: Bot response3
2019-12-04 16:52:34,149 INFO c.g.j.p.w.s.WebDriverSampler: Bot response4
2019-12-04 16:52:34,167 INFO c.g.j.p.w.s.WebDriverSampler: Bot response5
2019-12-04 16:52:34,195 INFO c.g.j.p.w.s.WebDriverSampler: User say HAI DIANA
2019-12-04 16:52:34,210 INFO c.g.j.p.w.s.WebDriverSampler: Bot response
2019-12-04 16:52:34,224 INFO c.g.j.p.w.s.WebDriverSampler: Bot response2
2019-12-04 16:52:34,238 INFO c.g.j.p.w.s.WebDriverSampler: Bot response3
2019-12-04 16:52:34,254 INFO c.g.j.p.w.s.WebDriverSampler: Bot response4
2019-12-04 16:52:34,268 INFO c.g.j.p.w.s.WebDriverSampler: Bot response5
2019-12-04 16:52:34,967 INFO c.g.j.p.w.s.WebDriverSampler: Bot response6
2019-12-04 16:52:34,983 INFO c.g.j.p.w.s.WebDriverSampler: Bot response6
2019-12-04 16:52:35,020 INFO c.g.j.p.w.s.WebDriverSampler: Sample started
2019-12-04 16:52:35,031 INFO c.g.j.p.w.s.WebDriverSampler: Bot response6
2019-12-04 16:52:35,050 INFO c.g.j.p.w.s.WebDriverSampler: Bot response6
2019-12-04 16:52:35,078 INFO c.g.j.p.w.s.WebDriverSampler: go to Slim&Fit chat bot
2019-12-04 16:52:35,085 INFO c.g.j.p.w.s.WebDriverSampler: maximize
2019-12-04 16:52:35,087 INFO c.g.j.p.w.s.WebDriverSampler: Sample started
2019-12-04 16:52:35,136 INFO c.g.j.p.w.s.WebDriverSampler: go to Slim&Fit chat bot
2019-12-04 16:52:35,141 INFO c.g.j.p.w.s.WebDriverSampler: maximize
2019-12-04 16:52:35,224 INFO c.g.j.p.w.s.WebDriverSampler: User say HAI DIANA
2019-12-04 16:52:35,239 INFO c.g.j.p.w.s.WebDriverSampler: Bot response
2019-12-04 16:52:35,254 INFO c.g.j.p.w.s.WebDriverSampler: Bot response2
2019-12-04 16:52:35,269 INFO c.g.j.p.w.s.WebDriverSampler: Bot response3
2019-12-04 16:52:35,284 INFO c.g.j.p.w.s.WebDriverSampler: Bot response4
2019-12-04 16:52:35,322 INFO c.g.j.p.w.s.WebDriverSampler: Bot response5
2019-12-04 16:52:36,144 INFO c.g.j.p.w.s.WebDriverSampler: iframe
2019-12-04 16:52:36,156 INFO c.g.j.p.w.s.WebDriverSampler: explore page frame
2019-12-04 16:52:36,199 INFO c.g.j.p.w.s.WebDriverSampler: iframe
2019-12-04 16:52:36,201 INFO c.g.j.p.w.s.WebDriverSampler: Bot response6
2019-12-04 16:52:36,214 INFO c.g.j.p.w.s.WebDriverSampler: explore page frame
2019-12-04 16:52:36,219 INFO c.g.j.p.w.s.WebDriverSampler: Bot response6
2019-12-04 16:52:36,255 INFO c.g.j.p.w.s.WebDriverSampler: Sample started
2019-12-04 16:52:36,290 INFO c.g.j.p.w.s.WebDriverSampler: Bot response6
2019-12-04 16:52:36,312 INFO c.g.j.p.w.s.WebDriverSampler: go to Slim&Fit chat bot
2019-12-04 16:52:36,321 INFO c.g.j.p.w.s.WebDriverSampler: Bot response6
2019-12-04 16:52:36,324 INFO c.g.j.p.w.s.WebDriverSampler: maximize
2019-12-04 16:52:36,367 INFO c.g.j.p.w.s.WebDriverSampler: Sample started
2019-12-04 16:52:36,429 INFO c.g.j.p.w.s.WebDriverSampler: go to Slim&Fit chat bot
2019-12-04 16:52:36,434 INFO c.g.j.p.w.s.WebDriverSampler: maximize
2019-12-04 16:52:37,339 INFO c.g.j.p.w.s.WebDriverSampler: Bot response6
2019-12-04 16:52:37,368 INFO c.g.j.p.w.s.WebDriverSampler: Bot response6
2019-12-04 16:52:37,374 INFO c.g.j.p.w.s.WebDriverSampler: iframe
2019-12-04 16:52:37,393 INFO c.g.j.p.w.s.WebDriverSampler: explore page frame
2019-12-04 16:52:37,404 INFO c.g.j.p.w.s.WebDriverSampler: Sample started
2019-12-04 16:52:37,473 INFO c.g.j.p.w.s.WebDriverSampler: go to Slim&Fit chat bot
2019-12-04 16:52:37,483 INFO c.g.j.p.w.s.WebDriverSampler: maximize
2019-12-04 16:52:37,483 INFO c.g.j.p.w.s.WebDriverSampler: iframe
2019-12-04 16:52:37,502 INFO c.g.j.p.w.s.WebDriverSampler: explore page frame
2019-12-04 16:52:38,520 INFO c.g.j.p.w.s.WebDriverSampler: iframe
2019-12-04 16:52:38,531 INFO c.g.j.p.w.s.WebDriverSampler: explore page frame
2019-12-04 16:54:04,774 INFO o.a.j.g.a.Start: Stopping test
2019-12-04 16:54:04,784 INFO o.a.j.t.JMeterThread: Stopping: Users 1-1
2019-12-04 16:54:04,784 WARN o.a.j.t.JMeterThread: Sampler is not Interruptible: jp@gc - WebDriver Sampler
2019-12-04 16:54:04,784 INFO o.a.j.t.JMeterThread: Stopping: Users 1-5
2019-12-04 16:54:04,784 WARN o.a.j.t.JMeterThread: Sampler is not Interruptible: jp@gc - WebDriver Sampler
2019-12-04 16:54:04,784 INFO o.a.j.t.JMeterThread: Stopping: Users 1-3
2019-12-04 16:54:04,784 WARN o.a.j.t.JMeterThread: Sampler is not Interruptible: jp@gc - WebDriver Sampler
2019-12-04 16:54:04,785 INFO o.a.j.t.JMeterThread: Stopping: Users 1-2
2019-12-04 16:54:04,785 WARN o.a.j.t.JMeterThread: Sampler is not Interruptible: jp@gc - WebDriver Sampler
2019-12-04 16:54:04,785 ERROR c.g.j.p.w.s.WebDriverSampler: java.lang.InterruptedException: sleep interrupted
Build info: version: '3.14.0', revision: 'aacccce0', time: '2018-08-02T20:19:58.91Z'
System info: host: 'DESKTOP-UOJ8RS0', ip: '172.18.2.243', os.name: 'Windows 10', os.arch: 'x86', os.version: '10.0', java.version: '1.8.0_231'
Driver info: driver.version: unknown
2019-12-04 16:54:04,785 ERROR c.g.j.p.w.s.WebDriverSampler: java.lang.InterruptedException: sleep interrupted
Build info: version: '3.14.0', revision: 'aacccce0', time: '2018-08-02T20:19:58.91Z'
System info: host: 'DESKTOP-UOJ8RS0', ip: '172.18.2.243', os.name: 'Windows 10', os.arch: 'x86', os.version: '10.0', java.version: '1.8.0_231'
Driver info: driver.version: unknown
2019-12-04 16:54:04,785 INFO o.a.j.t.JMeterThread: Stopping: Users 1-4
2019-12-04 16:54:04,785 ERROR c.g.j.p.w.s.WebDriverSampler: java.lang.InterruptedException: sleep interrupted
Build info: version: '3.14.0', revision: 'aacccce0', time: '2018-08-02T20:19:58.91Z'
System info: host: 'DESKTOP-UOJ8RS0', ip: '172.18.2.243', os.name: 'Windows 10', os.arch: 'x86', os.version: '10.0', java.version: '1.8.0_231'
Driver info: driver.version: unknown
2019-12-04 16:54:04,785 WARN o.a.j.t.JMeterThread: Sampler is not Interruptible: jp@gc - WebDriver Sampler
2019-12-04 16:54:04,785 ERROR c.g.j.p.w.s.WebDriverSampler: java.lang.InterruptedException: sleep interrupted
Build info: version: '3.14.0', revision: 'aacccce0', time: '2018-08-02T20:19:58.91Z'
System info: host: 'DESKTOP-UOJ8RS0', ip: '172.18.2.243', os.name: 'Windows 10', os.arch: 'x86', os.version: '10.0', java.version: '1.8.0_231'
Driver info: driver.version: unknown
2019-12-04 16:54:04,785 ERROR c.g.j.p.w.s.WebDriverSampler: java.lang.InterruptedException: sleep interrupted
Build info: version: '3.14.0', revision: 'aacccce0', time: '2018-08-02T20:19:58.91Z'
System info: host: 'DESKTOP-UOJ8RS0', ip: '172.18.2.243', os.name: 'Windows 10', os.arch: 'x86', os.version: '10.0', java.version: '1.8.0_231'
Driver info: driver.version: unknown
2019-12-04 16:54:04,786 INFO o.a.j.t.JMeterThread: Thread finished: Users 1-1
2019-12-04 16:54:04,786 INFO o.a.j.t.JMeterThread: Thread finished: Users 1-2
2019-12-04 16:54:04,786 INFO o.a.j.t.JMeterThread: Thread finished: Users 1-3
2019-12-04 16:54:04,786 INFO o.a.j.t.JMeterThread: Thread finished: Users 1-5
2019-12-04 16:54:04,787 INFO o.a.j.t.JMeterThread: Thread finished: Users 1-4
2019-12-04 16:54:05,390 INFO o.a.j.e.StandardJMeterEngine: Notifying test listeners of end of test
2019-12-04 16:54:05,407 INFO o.a.j.g.u.JMeterMenuBar: setRunning(false, *local*)
2019-12-04 16:54:10,238 INFO o.a.j.e.StandardJMeterEngine: Running the test!
2019-12-04 16:54:10,239 INFO o.a.j.s.SampleEvent: List of sample_variables: []
2019-12-04 16:54:10,241 INFO o.a.j.g.u.JMeterMenuBar: setRunning(true, *local*)
2019-12-04 16:54:10,322 INFO o.a.j.e.StandardJMeterEngine: Starting ThreadGroup: 1 : Users
2019-12-04 16:54:10,323 INFO o.a.j.e.StandardJMeterEngine: Starting 5 threads for group Users.
2019-12-04 16:54:10,323 INFO o.a.j.e.StandardJMeterEngine: Thread will continue on error
2019-12-04 16:54:10,323 INFO o.a.j.t.ThreadGroup: Starting thread group... number=1 threads=5 ramp-up=3 delayedStart=false
2019-12-04 16:54:10,326 INFO o.a.j.t.JMeterThread: Thread started: Users 1-1
2019-12-04 16:54:10,335 INFO o.a.j.t.ThreadGroup: Started thread group number 1
2019-12-04 16:54:10,335 INFO o.a.j.e.StandardJMeterEngine: All thread groups have been started
2019-12-04 16:54:10,927 INFO o.a.j.t.JMeterThread: Thread started: Users 1-2
2019-12-04 16:54:11,528 INFO o.a.j.t.JMeterThread: Thread started: Users 1-3
2019-12-04 16:54:12,126 INFO o.a.j.t.JMeterThread: Thread started: Users 1-4
2019-12-04 16:54:12,728 INFO o.a.j.t.JMeterThread: Thread started: Users 1-5
2019-12-04 16:54:19,591 INFO c.g.j.p.w.s.WebDriverSampler: Sample started
2019-12-04 16:54:20,107 INFO c.g.j.p.w.s.WebDriverSampler: Sample started
2019-12-04 16:54:20,756 INFO c.g.j.p.w.s.WebDriverSampler: Sample started
2019-12-04 16:54:21,212 INFO c.g.j.p.w.s.WebDriverSampler: go to Slim&Fit chat bot
2019-12-04 16:54:21,220 INFO c.g.j.p.w.s.WebDriverSampler: maximize
2019-12-04 16:54:21,267 INFO c.g.j.p.w.s.WebDriverSampler: Sample started
2019-12-04 16:54:21,850 INFO c.g.j.p.w.s.WebDriverSampler: Sample started
2019-12-04 16:54:21,901 INFO c.g.j.p.w.s.WebDriverSampler: go to Slim&Fit chat bot
2019-12-04 16:54:21,908 INFO c.g.j.p.w.s.WebDriverSampler: maximize
2019-12-04 16:54:22,919 INFO c.g.j.p.w.s.WebDriverSampler: go to Slim&Fit chat bot
2019-12-04 16:54:22,926 INFO c.g.j.p.w.s.WebDriverSampler: maximize
2019-12-04 16:54:23,279 INFO c.g.j.p.w.s.WebDriverSampler: iframe
2019-12-04 16:54:23,294 INFO c.g.j.p.w.s.WebDriverSampler: explore page frame
2019-12-04 16:54:23,824 INFO c.g.j.p.w.s.WebDriverSampler: go to Slim&Fit chat bot
2019-12-04 16:54:23,830 INFO c.g.j.p.w.s.WebDriverSampler: maximize
2019-12-04 16:54:23,962 INFO c.g.j.p.w.s.WebDriverSampler: go to Slim&Fit chat bot
2019-12-04 16:54:23,970 INFO c.g.j.p.w.s.WebDriverSampler: maximize
2019-12-04 16:54:23,973 INFO c.g.j.p.w.s.WebDriverSampler: iframe
2019-12-04 16:54:23,989 INFO c.g.j.p.w.s.WebDriverSampler: explore page frame
2019-12-04 16:54:24,479 INFO c.g.j.p.w.s.WebDriverSampler: iframe
2019-12-04 16:54:24,496 INFO c.g.j.p.w.s.WebDriverSampler: explore page frame
2019-12-04 16:54:24,856 INFO c.g.j.p.w.s.WebDriverSampler: form input
2019-12-04 16:54:24,949 INFO c.g.j.p.w.s.WebDriverSampler: input nama
2019-12-04 16:54:25,006 INFO c.g.j.p.w.s.WebDriverSampler: iframe
2019-12-04 16:54:25,025 INFO c.g.j.p.w.s.WebDriverSampler: explore page frame
2019-12-04 16:54:25,036 INFO c.g.j.p.w.s.WebDriverSampler: form input
2019-12-04 16:54:25,065 INFO c.g.j.p.w.s.WebDriverSampler: input email
2019-12-04 16:54:25,124 INFO c.g.j.p.w.s.WebDriverSampler: input nama
2019-12-04 16:54:25,131 INFO c.g.j.p.w.s.WebDriverSampler: input no-hp
2019-12-04 16:54:25,144 INFO c.g.j.p.w.s.WebDriverSampler: frame button Mulai Chat
2019-12-04 16:54:25,229 INFO c.g.j.p.w.s.WebDriverSampler: input email
2019-12-04 16:54:25,297 INFO c.g.j.p.w.s.WebDriverSampler: input no-hp
2019-12-04 16:54:25,311 INFO c.g.j.p.w.s.WebDriverSampler: frame button Mulai Chat
2019-12-04 16:54:25,400 INFO c.g.j.p.w.s.WebDriverSampler: iframe
2019-12-04 16:54:25,429 INFO c.g.j.p.w.s.WebDriverSampler: explore page frame
2019-12-04 16:54:25,631 INFO c.g.j.p.w.s.WebDriverSampler: form input
2019-12-04 16:54:25,733 INFO c.g.j.p.w.s.WebDriverSampler: input nama
2019-12-04 16:54:25,810 INFO c.g.j.p.w.s.WebDriverSampler: input email
2019-12-04 16:54:25,897 INFO c.g.j.p.w.s.WebDriverSampler: input no-hp
2019-12-04 16:54:25,911 INFO c.g.j.p.w.s.WebDriverSampler: frame button Mulai Chat
2019-12-04 16:54:26,477 INFO c.g.j.p.w.s.WebDriverSampler: form input
2019-12-04 16:54:26,558 INFO c.g.j.p.w.s.WebDriverSampler: input nama
2019-12-04 16:54:26,588 INFO c.g.j.p.w.s.WebDriverSampler: form input
2019-12-04 16:54:26,643 INFO c.g.j.p.w.s.WebDriverSampler: input email
2019-12-04 16:54:26,676 INFO c.g.j.p.w.s.WebDriverSampler: input nama
2019-12-04 16:54:26,710 INFO c.g.j.p.w.s.WebDriverSampler: input no-hp
2019-12-04 16:54:26,724 INFO c.g.j.p.w.s.WebDriverSampler: frame button Mulai Chat
2019-12-04 16:54:26,750 INFO c.g.j.p.w.s.WebDriverSampler: input email
2019-12-04 16:54:26,813 INFO c.g.j.p.w.s.WebDriverSampler: input no-hp
2019-12-04 16:54:26,827 INFO c.g.j.p.w.s.WebDriverSampler: frame button Mulai Chat
2019-12-04 16:54:27,268 INFO c.g.j.p.w.s.WebDriverSampler: Click Mulai Chat
2019-12-04 16:54:27,431 INFO c.g.j.p.w.s.WebDriverSampler: Click Mulai Chat
2019-12-04 16:54:28,048 INFO c.g.j.p.w.s.WebDriverSampler: Click Mulai Chat
2019-12-04 16:54:28,850 INFO c.g.j.p.w.s.WebDriverSampler: Click Mulai Chat
2019-12-04 16:54:28,971 INFO c.g.j.p.w.s.WebDriverSampler: Click Mulai Chat
2019-12-04 16:54:29,284 INFO c.g.j.p.w.s.WebDriverSampler: User say HAI DIANA
2019-12-04 16:54:29,301 INFO c.g.j.p.w.s.WebDriverSampler: Bot response
2019-12-04 16:54:29,317 INFO c.g.j.p.w.s.WebDriverSampler: Bot response2
2019-12-04 16:54:29,333 INFO c.g.j.p.w.s.WebDriverSampler: Bot response3
2019-12-04 16:54:29,351 INFO c.g.j.p.w.s.WebDriverSampler: Bot response4
2019-12-04 16:54:29,366 INFO c.g.j.p.w.s.WebDriverSampler: Bot response5
2019-12-04 16:54:29,446 INFO c.g.j.p.w.s.WebDriverSampler: User say HAI DIANA
2019-12-04 16:54:29,462 INFO c.g.j.p.w.s.WebDriverSampler: Bot response
2019-12-04 16:54:29,478 INFO c.g.j.p.w.s.WebDriverSampler: Bot response2
2019-12-04 16:54:29,493 INFO c.g.j.p.w.s.WebDriverSampler: Bot response3
2019-12-04 16:54:29,507 INFO c.g.j.p.w.s.WebDriverSampler: Bot response4
2019-12-04 16:54:29,521 INFO c.g.j.p.w.s.WebDriverSampler: Bot response5
2019-12-04 16:54:30,063 INFO c.g.j.p.w.s.WebDriverSampler: User say HAI DIANA
2019-12-04 16:54:30,077 INFO c.g.j.p.w.s.WebDriverSampler: Bot response
2019-12-04 16:54:30,092 INFO c.g.j.p.w.s.WebDriverSampler: Bot response2
2019-12-04 16:54:30,105 INFO c.g.j.p.w.s.WebDriverSampler: Bot response3
2019-12-04 16:54:30,120 INFO c.g.j.p.w.s.WebDriverSampler: Bot response4
2019-12-04 16:54:30,136 INFO c.g.j.p.w.s.WebDriverSampler: Bot response5
2019-12-04 16:54:30,867 INFO c.g.j.p.w.s.WebDriverSampler: User say HAI DIANA
2019-12-04 16:54:30,881 INFO c.g.j.p.w.s.WebDriverSampler: Bot response
2019-12-04 16:54:30,894 INFO c.g.j.p.w.s.WebDriverSampler: Bot response2
2019-12-04 16:54:30,910 INFO c.g.j.p.w.s.WebDriverSampler: Bot response3
2019-12-04 16:54:30,927 INFO c.g.j.p.w.s.WebDriverSampler: Bot response4
2019-12-04 16:54:30,945 INFO c.g.j.p.w.s.WebDriverSampler: Bot response5
2019-12-04 16:54:30,990 INFO c.g.j.p.w.s.WebDriverSampler: User say HAI DIANA
2019-12-04 16:54:31,004 INFO c.g.j.p.w.s.WebDriverSampler: Bot response
2019-12-04 16:54:31,018 INFO c.g.j.p.w.s.WebDriverSampler: Bot response2
2019-12-04 16:54:31,033 INFO c.g.j.p.w.s.WebDriverSampler: Bot response3
2019-12-04 16:54:31,048 INFO c.g.j.p.w.s.WebDriverSampler: Bot response4
2019-12-04 16:54:31,062 INFO c.g.j.p.w.s.WebDriverSampler: Bot response5
2019-12-04 16:54:31,381 INFO c.g.j.p.w.s.WebDriverSampler: Bot response6
2019-12-04 16:54:31,398 INFO c.g.j.p.w.s.WebDriverSampler: Bot response6
2019-12-04 16:54:31,431 INFO c.g.j.p.w.s.WebDriverSampler: Sample started
2019-12-04 16:54:31,484 INFO c.g.j.p.w.s.WebDriverSampler: go to Slim&Fit chat bot
2019-12-04 16:54:31,492 INFO c.g.j.p.w.s.WebDriverSampler: maximize
2019-12-04 16:54:31,537 INFO c.g.j.p.w.s.WebDriverSampler: Bot response6
2019-12-04 16:54:31,551 INFO c.g.j.p.w.s.WebDriverSampler: Bot response6
2019-12-04 16:54:31,580 INFO c.g.j.p.w.s.WebDriverSampler: Sample started
2019-12-04 16:54:31,632 INFO c.g.j.p.w.s.WebDriverSampler: go to Slim&Fit chat bot
2019-12-04 16:54:31,637 INFO c.g.j.p.w.s.WebDriverSampler: maximize
2019-12-04 16:54:32,151 INFO c.g.j.p.w.s.WebDriverSampler: Bot response6
2019-12-04 16:54:32,164 INFO c.g.j.p.w.s.WebDriverSampler: Bot response6
2019-12-04 16:54:32,205 INFO c.g.j.p.w.s.WebDriverSampler: Sample started
2019-12-04 16:54:32,248 INFO c.g.j.p.w.s.WebDriverSampler: go to Slim&Fit chat bot
2019-12-04 16:54:32,255 INFO c.g.j.p.w.s.WebDriverSampler: maximize
2019-12-04 16:54:32,527 INFO c.g.j.p.w.s.WebDriverSampler: iframe
2019-12-04 16:54:32,538 INFO c.g.j.p.w.s.WebDriverSampler: explore page frame
2019-12-04 16:54:32,702 INFO c.g.j.p.w.s.WebDriverSampler: iframe
2019-12-04 16:54:32,717 INFO c.g.j.p.w.s.WebDriverSampler: explore page frame
2019-12-04 16:54:32,964 INFO c.g.j.p.w.s.WebDriverSampler: Bot response6
2019-12-04 16:54:32,998 INFO c.g.j.p.w.s.WebDriverSampler: Bot response6
2019-12-04 16:54:33,044 INFO c.g.j.p.w.s.WebDriverSampler: Sample started
2019-12-04 16:54:33,085 INFO c.g.j.p.w.s.WebDriverSampler: Bot response6
2019-12-04 16:54:33,107 INFO c.g.j.p.w.s.WebDriverSampler: go to Slim&Fit chat bot
2019-12-04 16:54:33,113 INFO c.g.j.p.w.s.WebDriverSampler: maximize
2019-12-04 16:54:33,113 INFO c.g.j.p.w.s.WebDriverSampler: Bot response6
2019-12-04 16:54:33,147 INFO c.g.j.p.w.s.WebDriverSampler: Sample started
2019-12-04 16:54:33,210 INFO c.g.j.p.w.s.WebDriverSampler: go to Slim&Fit chat bot
2019-12-04 16:54:33,215 INFO c.g.j.p.w.s.WebDriverSampler: maximize
2019-12-04 16:54:33,303 INFO c.g.j.p.w.s.WebDriverSampler: iframe
2019-12-04 16:54:33,315 INFO c.g.j.p.w.s.WebDriverSampler: explore page frame
2019-12-04 16:54:33,753 INFO c.g.j.p.w.s.WebDriverSampler: iframe
2019-12-04 16:54:33,767 INFO c.g.j.p.w.s.WebDriverSampler: explore page frame
2019-12-04 16:54:34,207 INFO c.g.j.p.w.s.WebDriverSampler: iframe
2019-12-04 16:54:34,231 INFO c.g.j.p.w.s.WebDriverSampler: explore page frame
2019-12-04 16:55:39,207 INFO o.a.j.g.a.Start: Stopping test
2019-12-04 16:55:39,219 INFO o.a.j.t.JMeterThread: Stopping: Users 1-4
2019-12-04 16:55:39,219 WARN o.a.j.t.JMeterThread: Sampler is not Interruptible: jp@gc - WebDriver Sampler
2019-12-04 16:55:39,219 INFO o.a.j.t.JMeterThread: Stopping: Users 1-1
2019-12-04 16:55:39,219 WARN o.a.j.t.JMeterThread: Sampler is not Interruptible: jp@gc - WebDriver Sampler
2019-12-04 16:55:39,219 INFO o.a.j.t.JMeterThread: Stopping: Users 1-3
2019-12-04 16:55:39,219 WARN o.a.j.t.JMeterThread: Sampler is not Interruptible: jp@gc - WebDriver Sampler
2019-12-04 16:55:39,220 INFO o.a.j.t.JMeterThread: Stopping: Users 1-5
2019-12-04 16:55:39,220 ERROR c.g.j.p.w.s.WebDriverSampler: java.lang.InterruptedException: sleep interrupted
Build info: version: '3.14.0', revision: 'aacccce0', time: '2018-08-02T20:19:58.91Z'
System info: host: 'DESKTOP-UOJ8RS0', ip: '172.18.2.243', os.name: 'Windows 10', os.arch: 'x86', os.version: '10.0', java.version: '1.8.0_231'
Driver info: driver.version: unknown
2019-12-04 16:55:39,220 ERROR c.g.j.p.w.s.WebDriverSampler: java.lang.InterruptedException: sleep interrupted
Build info: version: '3.14.0', revision: 'aacccce0', time: '2018-08-02T20:19:58.91Z'
System info: host: 'DESKTOP-UOJ8RS0', ip: '172.18.2.243', os.name: 'Windows 10', os.arch: 'x86', os.version: '10.0', java.version: '1.8.0_231'
Driver info: driver.version: unknown
2019-12-04 16:55:39,220 WARN o.a.j.t.JMeterThread: Sampler is not Interruptible: jp@gc - WebDriver Sampler
2019-12-04 16:55:39,220 ERROR c.g.j.p.w.s.WebDriverSampler: java.lang.InterruptedException: sleep interrupted
Build info: version: '3.14.0', revision: 'aacccce0', time: '2018-08-02T20:19:58.91Z'
System info: host: 'DESKTOP-UOJ8RS0', ip: '172.18.2.243', os.name: 'Windows 10', os.arch: 'x86', os.version: '10.0', java.version: '1.8.0_231'
Driver info: driver.version: unknown
2019-12-04 16:55:39,220 INFO o.a.j.t.JMeterThread: Stopping: Users 1-2
2019-12-04 16:55:39,220 WARN o.a.j.t.JMeterThread: Sampler is not Interruptible: jp@gc - WebDriver Sampler
2019-12-04 16:55:39,220 ERROR c.g.j.p.w.s.WebDriverSampler: java.lang.InterruptedException: sleep interrupted
Build info: version: '3.14.0', revision: 'aacccce0', time: '2018-08-02T20:19:58.91Z'
System info: host: 'DESKTOP-UOJ8RS0', ip: '172.18.2.243', os.name: 'Windows 10', os.arch: 'x86', os.version: '10.0', java.version: '1.8.0_231'
Driver info: driver.version: unknown
2019-12-04 16:55:39,220 INFO o.a.j.t.JMeterThread: Thread finished: Users 1-3
2019-12-04 16:55:39,220 INFO o.a.j.t.JMeterThread: Thread finished: Users 1-1
2019-12-04 16:55:39,220 INFO o.a.j.t.JMeterThread: Thread finished: Users 1-4
2019-12-04 16:55:39,220 ERROR c.g.j.p.w.s.WebDriverSampler: java.lang.InterruptedException: sleep interrupted
Build info: version: '3.14.0', revision: 'aacccce0', time: '2018-08-02T20:19:58.91Z'
System info: host: 'DESKTOP-UOJ8RS0', ip: '172.18.2.243', os.name: 'Windows 10', os.arch: 'x86', os.version: '10.0', java.version: '1.8.0_231'
Driver info: driver.version: unknown
2019-12-04 16:55:39,220 INFO o.a.j.t.JMeterThread: Thread finished: Users 1-5
2019-12-04 16:55:39,221 INFO o.a.j.t.JMeterThread: Thread finished: Users 1-2
2019-12-04 16:55:39,821 INFO o.a.j.e.StandardJMeterEngine: Notifying test listeners of end of test
2019-12-04 16:55:39,828 INFO o.a.j.g.u.JMeterMenuBar: setRunning(false, *local*)
2019-12-04 16:55:45,655 INFO o.a.j.e.StandardJMeterEngine: Running the test!
2019-12-04 16:55:45,656 INFO o.a.j.s.SampleEvent: List of sample_variables: []
2019-12-04 16:55:45,657 INFO o.a.j.g.u.JMeterMenuBar: setRunning(true, *local*)
2019-12-04 16:55:45,727 INFO o.a.j.e.StandardJMeterEngine: Starting ThreadGroup: 1 : Users
2019-12-04 16:55:45,728 INFO o.a.j.e.StandardJMeterEngine: Starting 10 threads for group Users.
2019-12-04 16:55:45,728 INFO o.a.j.e.StandardJMeterEngine: Thread will continue on error
2019-12-04 16:55:45,728 INFO o.a.j.t.ThreadGroup: Starting thread group... number=1 threads=10 ramp-up=10 delayedStart=false
2019-12-04 16:55:45,730 INFO o.a.j.t.JMeterThread: Thread started: Users 1-1
2019-12-04 16:55:45,747 INFO o.a.j.t.ThreadGroup: Started thread group number 1
2019-12-04 16:55:45,747 INFO o.a.j.e.StandardJMeterEngine: All thread groups have been started
2019-12-04 16:55:46,731 INFO o.a.j.t.JMeterThread: Thread started: Users 1-2
2019-12-04 16:55:47,732 INFO o.a.j.t.JMeterThread: Thread started: Users 1-3
2019-12-04 16:55:48,730 INFO o.a.j.t.JMeterThread: Thread started: Users 1-4
2019-12-04 16:55:49,731 INFO o.a.j.t.JMeterThread: Thread started: Users 1-5
2019-12-04 16:55:50,731 INFO o.a.j.t.JMeterThread: Thread started: Users 1-6
2019-12-04 16:55:51,732 INFO o.a.j.t.JMeterThread: Thread started: Users 1-7
2019-12-04 16:55:52,732 INFO o.a.j.t.JMeterThread: Thread started: Users 1-8
2019-12-04 16:55:53,732 INFO o.a.j.t.JMeterThread: Thread started: Users 1-9
2019-12-04 16:55:54,730 INFO o.a.j.t.JMeterThread: Thread started: Users 1-10
2019-12-04 16:55:54,920 INFO c.g.j.p.w.s.WebDriverSampler: Sample started
2019-12-04 16:55:55,884 INFO c.g.j.p.w.s.WebDriverSampler: Sample started
2019-12-04 16:55:56,526 INFO c.g.j.p.w.s.WebDriverSampler: go to Slim&Fit chat bot
2019-12-04 16:55:56,533 INFO c.g.j.p.w.s.WebDriverSampler: maximize
2019-12-04 16:55:56,852 INFO c.g.j.p.w.s.WebDriverSampler: Sample started
2019-12-04 16:55:57,414 INFO c.g.j.p.w.s.WebDriverSampler: go to Slim&Fit chat bot
2019-12-04 16:55:57,421 INFO c.g.j.p.w.s.WebDriverSampler: maximize
2019-12-04 16:55:57,870 INFO c.g.j.p.w.s.WebDriverSampler: Sample started
2019-12-04 16:55:58,098 INFO c.g.j.p.w.s.WebDriverSampler: iframe
2019-12-04 16:55:58,115 INFO c.g.j.p.w.s.WebDriverSampler: explore page frame
2019-12-04 16:55:58,153 INFO c.g.j.p.w.s.WebDriverSampler: go to Slim&Fit chat bot
2019-12-04 16:55:58,161 INFO c.g.j.p.w.s.WebDriverSampler: maximize
2019-12-04 16:55:58,893 INFO c.g.j.p.w.s.WebDriverSampler: Sample started
2019-12-04 16:55:59,167 INFO c.g.j.p.w.s.WebDriverSampler: form input
2019-12-04 16:55:59,203 INFO c.g.j.p.w.s.WebDriverSampler: go to Slim&Fit chat bot
2019-12-04 16:55:59,210 INFO c.g.j.p.w.s.WebDriverSampler: maximize
2019-12-04 16:55:59,262 INFO c.g.j.p.w.s.WebDriverSampler: input nama
2019-12-04 16:55:59,337 INFO c.g.j.p.w.s.WebDriverSampler: input email
2019-12-04 16:55:59,416 INFO c.g.j.p.w.s.WebDriverSampler: input no-hp
2019-12-04 16:55:59,433 INFO c.g.j.p.w.s.WebDriverSampler: frame button Mulai Chat
2019-12-04 16:55:59,482 INFO c.g.j.p.w.s.WebDriverSampler: iframe
2019-12-04 16:55:59,497 INFO c.g.j.p.w.s.WebDriverSampler: explore page frame
2019-12-04 16:55:59,712 INFO c.g.j.p.w.s.WebDriverSampler: iframe
2019-12-04 16:55:59,729 INFO c.g.j.p.w.s.WebDriverSampler: explore page frame
2019-12-04 16:55:59,893 INFO c.g.j.p.w.s.WebDriverSampler: Sample started
2019-12-04 16:56:00,435 INFO c.g.j.p.w.s.WebDriverSampler: go to Slim&Fit chat bot
2019-12-04 16:56:00,441 INFO c.g.j.p.w.s.WebDriverSampler: maximize
2019-12-04 16:56:00,763 INFO c.g.j.p.w.s.WebDriverSampler: iframe
2019-12-04 16:56:00,783 INFO c.g.j.p.w.s.WebDriverSampler: explore page frame
2019-12-04 16:56:00,852 INFO c.g.j.p.w.s.WebDriverSampler: Sample started
2019-12-04 16:56:01,078 INFO c.g.j.p.w.s.WebDriverSampler: form input
2019-12-04 16:56:01,155 INFO c.g.j.p.w.s.WebDriverSampler: input nama
2019-12-04 16:56:01,271 INFO c.g.j.p.w.s.WebDriverSampler: input email
2019-12-04 16:56:01,289 INFO c.g.j.p.w.s.WebDriverSampler: form input
2019-12-04 16:56:01,338 INFO c.g.j.p.w.s.WebDriverSampler: input no-hp
2019-12-04 16:56:01,354 INFO c.g.j.p.w.s.WebDriverSampler: frame button Mulai Chat
2019-12-04 16:56:01,368 INFO c.g.j.p.w.s.WebDriverSampler: input nama
2019-12-04 16:56:01,446 INFO c.g.j.p.w.s.WebDriverSampler: input email
2019-12-04 16:56:01,511 INFO c.g.j.p.w.s.WebDriverSampler: input no-hp
2019-12-04 16:56:01,526 INFO c.g.j.p.w.s.WebDriverSampler: frame button Mulai Chat
2019-12-04 16:56:01,562 INFO c.g.j.p.w.s.WebDriverSampler: Click Mulai Chat
2019-12-04 16:56:01,888 INFO c.g.j.p.w.s.WebDriverSampler: go to Slim&Fit chat bot
2019-12-04 16:56:01,896 INFO c.g.j.p.w.s.WebDriverSampler: maximize
2019-12-04 16:56:01,898 INFO c.g.j.p.w.s.WebDriverSampler: Sample started
2019-12-04 16:56:01,985 INFO c.g.j.p.w.s.WebDriverSampler: iframe
2019-12-04 16:56:02,001 INFO c.g.j.p.w.s.WebDriverSampler: explore page frame
2019-12-04 16:56:02,364 INFO c.g.j.p.w.s.WebDriverSampler: form input
2019-12-04 16:56:02,465 INFO c.g.j.p.w.s.WebDriverSampler: input nama
2019-12-04 16:56:02,530 INFO c.g.j.p.w.s.WebDriverSampler: input email
2019-12-04 16:56:02,594 INFO c.g.j.p.w.s.WebDriverSampler: input no-hp
2019-12-04 16:56:02,607 INFO c.g.j.p.w.s.WebDriverSampler: frame button Mulai Chat
2019-12-04 16:56:02,888 INFO c.g.j.p.w.s.WebDriverSampler: Sample started
2019-12-04 16:56:03,446 INFO c.g.j.p.w.s.WebDriverSampler: iframe
2019-12-04 16:56:03,464 INFO c.g.j.p.w.s.WebDriverSampler: explore page frame
2019-12-04 16:56:03,499 INFO c.g.j.p.w.s.WebDriverSampler: Click Mulai Chat
2019-12-04 16:56:03,563 INFO c.g.j.p.w.s.WebDriverSampler: form input
2019-12-04 16:56:03,580 INFO c.g.j.p.w.s.WebDriverSampler: User say HAI DIANA
2019-12-04 16:56:03,594 INFO c.g.j.p.w.s.WebDriverSampler: Bot response
2019-12-04 16:56:03,609 INFO c.g.j.p.w.s.WebDriverSampler: Bot response2
2019-12-04 16:56:03,626 INFO c.g.j.p.w.s.WebDriverSampler: Bot response3
2019-12-04 16:56:03,645 INFO c.g.j.p.w.s.WebDriverSampler: Bot response4
2019-12-04 16:56:03,662 INFO c.g.j.p.w.s.WebDriverSampler: Bot response5
2019-12-04 16:56:03,665 INFO c.g.j.p.w.s.WebDriverSampler: input nama
2019-12-04 16:56:03,697 INFO c.g.j.p.w.s.WebDriverSampler: Click Mulai Chat
2019-12-04 16:56:03,758 INFO c.g.j.p.w.s.WebDriverSampler: input email
2019-12-04 16:56:03,825 INFO c.g.j.p.w.s.WebDriverSampler: input no-hp
2019-12-04 16:56:03,839 INFO c.g.j.p.w.s.WebDriverSampler: frame button Mulai Chat
2019-12-04 16:56:03,849 INFO c.g.j.p.w.s.WebDriverSampler: Sample started
2019-12-04 16:56:04,773 INFO c.g.j.p.w.s.WebDriverSampler: Click Mulai Chat
2019-12-04 16:56:04,964 INFO c.g.j.p.w.s.WebDriverSampler: go to Slim&Fit chat bot
2019-12-04 16:56:04,976 INFO c.g.j.p.w.s.WebDriverSampler: maximize
2019-12-04 16:56:05,516 INFO c.g.j.p.w.s.WebDriverSampler: User say HAI DIANA
2019-12-04 16:56:05,535 INFO c.g.j.p.w.s.WebDriverSampler: Bot response
2019-12-04 16:56:05,570 INFO c.g.j.p.w.s.WebDriverSampler: Bot response2
2019-12-04 16:56:05,589 INFO c.g.j.p.w.s.WebDriverSampler: Bot response3
2019-12-04 16:56:05,610 INFO c.g.j.p.w.s.WebDriverSampler: Bot response4
2019-12-04 16:56:05,628 INFO c.g.j.p.w.s.WebDriverSampler: Bot response5
2019-12-04 16:56:05,677 INFO c.g.j.p.w.s.WebDriverSampler: Bot response6
2019-12-04 16:56:05,691 INFO c.g.j.p.w.s.WebDriverSampler: Bot response6
2019-12-04 16:56:05,727 INFO c.g.j.p.w.s.WebDriverSampler: User say HAI DIANA
2019-12-04 16:56:05,735 INFO c.g.j.p.w.s.WebDriverSampler: Sample started
2019-12-04 16:56:05,742 INFO c.g.j.p.w.s.WebDriverSampler: Bot response
2019-12-04 16:56:05,762 INFO c.g.j.p.w.s.WebDriverSampler: Bot response2
2019-12-04 16:56:05,788 INFO c.g.j.p.w.s.WebDriverSampler: Bot response3
2019-12-04 16:56:05,795 INFO c.g.j.p.w.s.WebDriverSampler: go to Slim&Fit chat bot
2019-12-04 16:56:05,803 INFO c.g.j.p.w.s.WebDriverSampler: maximize
2019-12-04 16:56:05,809 INFO c.g.j.p.w.s.WebDriverSampler: Bot response4
2019-12-04 16:56:05,824 INFO c.g.j.p.w.s.WebDriverSampler: Bot response5
2019-12-04 16:56:05,938 ERROR c.g.j.p.w.s.WebDriverSampler: element click intercepted: Element <iframe id="siqiframe" seamless="seamless" height="460" width="100%" scrolling="no" cd_frame_id_="328d9a83b89b171264bc7ea8c61d7993"></iframe> is not clickable at point (400, 528). Other element would receive the click: <div class="zls-sptwndw  siqembed siqtrans zsiq-mobhgt zsiq-newtheme siq_rht zsiq_size3 siq_showload siqanim" embedtheme="8" style="visibility: hidden;">...</div>
  (Session info: headless chrome=78.0.3904.108)
Build info: version: '3.14.0', revision: 'aacccce0', time: '2018-08-02T20:19:58.91Z'
System info: host: 'DESKTOP-UOJ8RS0', ip: '172.18.2.243', os.name: 'Windows 10', os.arch: 'x86', os.version: '10.0', java.version: '1.8.0_231'
Driver info: org.openqa.selenium.chrome.ChromeDriver
Capabilities {acceptInsecureCerts: false, browserName: chrome, browserVersion: 78.0.3904.108, chrome: {chromedriverVersion: 78.0.3904.70 (edb9c9f3de024..., userDataDir: C:\Users\Nugie\AppData\Loca...}, goog:chromeOptions: {debuggerAddress: localhost:52279}, javascriptEnabled: true, networkConnectionEnabled: false, pageLoadStrategy: normal, platform: XP, platformName: XP, proxy: Proxy(system), setWindowRect: true, strictFileInteractability: false, timeouts: {implicit: 0, pageLoad: 300000, script: 30000}, unhandledPromptBehavior: dismiss and notify}
Session ID: 25039192082a263c2b18ec45cf858590
2019-12-04 16:56:05,966 INFO c.g.j.p.w.s.WebDriverSampler: Sample started
2019-12-04 16:56:05,998 INFO c.g.j.p.w.s.WebDriverSampler: go to Slim&Fit chat bot
2019-12-04 16:56:06,010 INFO c.g.j.p.w.s.WebDriverSampler: maximize
2019-12-04 16:56:06,648 INFO c.g.j.p.w.s.WebDriverSampler: form input
2019-12-04 16:56:06,781 INFO c.g.j.p.w.s.WebDriverSampler: input nama
2019-12-04 16:56:06,796 INFO c.g.j.p.w.s.WebDriverSampler: User say HAI DIANA
2019-12-04 16:56:06,845 INFO c.g.j.p.w.s.WebDriverSampler: Bot response
2019-12-04 16:56:06,876 INFO c.g.j.p.w.s.WebDriverSampler: Bot response2
2019-12-04 16:56:06,899 INFO c.g.j.p.w.s.WebDriverSampler: iframe
2019-12-04 16:56:06,913 INFO c.g.j.p.w.s.WebDriverSampler: Bot response3
2019-12-04 16:56:06,920 INFO c.g.j.p.w.s.WebDriverSampler: explore page frame
2019-12-04 16:56:06,942 INFO c.g.j.p.w.s.WebDriverSampler: Bot response4
2019-12-04 16:56:06,966 INFO c.g.j.p.w.s.WebDriverSampler: form input
2019-12-04 16:56:06,966 INFO c.g.j.p.w.s.WebDriverSampler: Bot response5
2019-12-04 16:56:07,000 INFO c.g.j.p.w.s.WebDriverSampler: input email
2019-12-04 16:56:07,196 INFO c.g.j.p.w.s.WebDriverSampler: input nama
2019-12-04 16:56:07,249 INFO c.g.j.p.w.s.WebDriverSampler: input no-hp
2019-12-04 16:56:07,279 INFO c.g.j.p.w.s.WebDriverSampler: frame button Mulai Chat
2019-12-04 16:56:07,393 INFO c.g.j.p.w.s.WebDriverSampler: input email
2019-12-04 16:56:07,529 INFO c.g.j.p.w.s.WebDriverSampler: input no-hp
2019-12-04 16:56:07,557 INFO c.g.j.p.w.s.WebDriverSampler: frame button Mulai Chat
2019-12-04 16:56:07,565 INFO c.g.j.p.w.s.WebDriverSampler: iframe
2019-12-04 16:56:07,601 INFO c.g.j.p.w.s.WebDriverSampler: explore page frame
2019-12-04 16:56:07,648 INFO c.g.j.p.w.s.WebDriverSampler: Bot response6
2019-12-04 16:56:07,671 INFO c.g.j.p.w.s.WebDriverSampler: Bot response6
2019-12-04 16:56:07,712 INFO c.g.j.p.w.s.WebDriverSampler: Sample started
2019-12-04 16:56:07,784 INFO c.g.j.p.w.s.WebDriverSampler: go to Slim&Fit chat bot
2019-12-04 16:56:07,793 INFO c.g.j.p.w.s.WebDriverSampler: maximize
2019-12-04 16:56:07,856 INFO c.g.j.p.w.s.WebDriverSampler: Bot response6
2019-12-04 16:56:07,874 INFO c.g.j.p.w.s.WebDriverSampler: Bot response6
2019-12-04 16:56:07,907 INFO c.g.j.p.w.s.WebDriverSampler: Sample started
2019-12-04 16:56:07,980 INFO c.g.j.p.w.s.WebDriverSampler: go to Slim&Fit chat bot
2019-12-04 16:56:07,986 INFO c.g.j.p.w.s.WebDriverSampler: maximize
2019-12-04 16:56:08,152 INFO c.g.j.p.w.s.WebDriverSampler: iframe
2019-12-04 16:56:08,163 INFO c.g.j.p.w.s.WebDriverSampler: explore page frame
2019-12-04 16:56:08,183 INFO c.g.j.p.w.s.WebDriverSampler: form input
2019-12-04 16:56:08,281 INFO c.g.j.p.w.s.WebDriverSampler: input nama
2019-12-04 16:56:08,369 INFO c.g.j.p.w.s.WebDriverSampler: input email
2019-12-04 16:56:08,440 INFO c.g.j.p.w.s.WebDriverSampler: input no-hp
2019-12-04 16:56:08,453 INFO c.g.j.p.w.s.WebDriverSampler: frame button Mulai Chat
2019-12-04 16:56:09,000 INFO c.g.j.p.w.s.WebDriverSampler: Bot response6
2019-12-04 16:56:09,020 INFO c.g.j.p.w.s.WebDriverSampler: Bot response6
2019-12-04 16:56:09,056 INFO c.g.j.p.w.s.WebDriverSampler: Sample started
2019-12-04 16:56:09,073 INFO c.g.j.p.w.s.WebDriverSampler: go to Slim&Fit chat bot
2019-12-04 16:56:09,080 INFO c.g.j.p.w.s.WebDriverSampler: maximize
2019-12-04 16:56:09,100 INFO c.g.j.p.w.s.WebDriverSampler: go to Slim&Fit chat bot
2019-12-04 16:56:09,112 INFO c.g.j.p.w.s.WebDriverSampler: maximize
2019-12-04 16:56:09,338 INFO c.g.j.p.w.s.WebDriverSampler: iframe
2019-12-04 16:56:09,355 INFO c.g.j.p.w.s.WebDriverSampler: explore page frame
2019-12-04 16:56:09,410 INFO c.g.j.p.w.s.WebDriverSampler: form input
2019-12-04 16:56:09,455 INFO c.g.j.p.w.s.WebDriverSampler: Click Mulai Chat
2019-12-04 16:56:09,513 INFO c.g.j.p.w.s.WebDriverSampler: input nama
2019-12-04 16:56:09,528 INFO c.g.j.p.w.s.WebDriverSampler: iframe
2019-12-04 16:56:09,543 INFO c.g.j.p.w.s.WebDriverSampler: explore page frame
2019-12-04 16:56:09,650 INFO c.g.j.p.w.s.WebDriverSampler: form input
2019-12-04 16:56:09,746 INFO c.g.j.p.w.s.WebDriverSampler: form input
2019-12-04 16:56:09,752 INFO c.g.j.p.w.s.WebDriverSampler: input email
2019-12-04 16:56:09,961 INFO c.g.j.p.w.s.WebDriverSampler: input nama
2019-12-04 16:56:09,975 INFO c.g.j.p.w.s.WebDriverSampler: input no-hp
2019-12-04 16:56:09,992 INFO c.g.j.p.w.s.WebDriverSampler: frame button Mulai Chat
2019-12-04 16:56:10,000 INFO c.g.j.p.w.s.WebDriverSampler: Click Mulai Chat
2019-12-04 16:56:10,033 INFO c.g.j.p.w.s.WebDriverSampler: input nama
2019-12-04 16:56:10,166 INFO c.g.j.p.w.s.WebDriverSampler: iframe
2019-12-04 16:56:10,192 INFO c.g.j.p.w.s.WebDriverSampler: explore page frame
2019-12-04 16:56:10,198 INFO c.g.j.p.w.s.WebDriverSampler: input email
2019-12-04 16:56:10,207 INFO c.g.j.p.w.s.WebDriverSampler: iframe
2019-12-04 16:56:10,288 INFO c.g.j.p.w.s.WebDriverSampler: explore page frame
2019-12-04 16:56:10,315 INFO c.g.j.p.w.s.WebDriverSampler: input email
2019-12-04 16:56:10,413 INFO c.g.j.p.w.s.WebDriverSampler: form input
2019-12-04 16:56:10,428 INFO c.g.j.p.w.s.WebDriverSampler: input no-hp
2019-12-04 16:56:10,460 INFO c.g.j.p.w.s.WebDriverSampler: frame button Mulai Chat
2019-12-04 16:56:10,548 INFO c.g.j.p.w.s.WebDriverSampler: input no-hp
2019-12-04 16:56:10,574 INFO c.g.j.p.w.s.WebDriverSampler: frame button Mulai Chat
2019-12-04 16:56:10,590 INFO c.g.j.p.w.s.WebDriverSampler: input nama
2019-12-04 16:56:10,640 INFO c.g.j.p.w.s.WebDriverSampler: Click Mulai Chat
2019-12-04 16:56:10,697 INFO c.g.j.p.w.s.WebDriverSampler: input email
2019-12-04 16:56:10,740 INFO c.g.j.p.w.s.WebDriverSampler: go to Slim&Fit chat bot
2019-12-04 16:56:10,746 INFO c.g.j.p.w.s.WebDriverSampler: maximize
2019-12-04 16:56:10,766 INFO c.g.j.p.w.s.WebDriverSampler: iframe
2019-12-04 16:56:10,784 INFO c.g.j.p.w.s.WebDriverSampler: explore page frame
2019-12-04 16:56:10,794 INFO c.g.j.p.w.s.WebDriverSampler: input no-hp
2019-12-04 16:56:10,806 INFO c.g.j.p.w.s.WebDriverSampler: frame button Mulai Chat
2019-12-04 16:56:10,814 INFO c.g.j.p.w.s.WebDriverSampler: form input
2019-12-04 16:56:10,896 INFO c.g.j.p.w.s.WebDriverSampler: input nama
2019-12-04 16:56:10,992 INFO c.g.j.p.w.s.WebDriverSampler: input email
2019-12-04 16:56:11,064 INFO c.g.j.p.w.s.WebDriverSampler: input no-hp
2019-12-04 16:56:11,080 INFO c.g.j.p.w.s.WebDriverSampler: frame button Mulai Chat
2019-12-04 16:56:11,354 INFO c.g.j.p.w.s.WebDriverSampler: form input
2019-12-04 16:56:11,473 INFO c.g.j.p.w.s.WebDriverSampler: input nama
2019-12-04 16:56:11,473 INFO c.g.j.p.w.s.WebDriverSampler: User say HAI DIANA
2019-12-04 16:56:11,490 INFO c.g.j.p.w.s.WebDriverSampler: Bot response
2019-12-04 16:56:11,506 INFO c.g.j.p.w.s.WebDriverSampler: Bot response2
2019-12-04 16:56:11,525 INFO c.g.j.p.w.s.WebDriverSampler: Bot response3
2019-12-04 16:56:11,541 INFO c.g.j.p.w.s.WebDriverSampler: Bot response4
2019-12-04 16:56:11,557 INFO c.g.j.p.w.s.WebDriverSampler: Bot response5
2019-12-04 16:56:11,573 INFO c.g.j.p.w.s.WebDriverSampler: input email
2019-12-04 16:56:11,644 INFO c.g.j.p.w.s.WebDriverSampler: input no-hp
2019-12-04 16:56:11,663 INFO c.g.j.p.w.s.WebDriverSampler: frame button Mulai Chat
2019-12-04 16:56:11,940 INFO c.g.j.p.w.s.WebDriverSampler: go to Slim&Fit chat bot
2019-12-04 16:56:11,946 INFO c.g.j.p.w.s.WebDriverSampler: maximize
2019-12-04 16:56:11,961 INFO c.g.j.p.w.s.WebDriverSampler: iframe
2019-12-04 16:56:11,977 INFO c.g.j.p.w.s.WebDriverSampler: explore page frame
2019-12-04 16:56:12,009 INFO c.g.j.p.w.s.WebDriverSampler: form input
2019-12-04 16:56:12,012 INFO c.g.j.p.w.s.WebDriverSampler: User say HAI DIANA
2019-12-04 16:56:12,028 INFO c.g.j.p.w.s.WebDriverSampler: Bot response
2019-12-04 16:56:12,044 INFO c.g.j.p.w.s.WebDriverSampler: Bot response2
2019-12-04 16:56:12,057 INFO c.g.j.p.w.s.WebDriverSampler: Bot response3
2019-12-04 16:56:12,069 INFO c.g.j.p.w.s.WebDriverSampler: Bot response4
2019-12-04 16:56:12,080 INFO c.g.j.p.w.s.WebDriverSampler: Bot response5
2019-12-04 16:56:12,122 INFO c.g.j.p.w.s.WebDriverSampler: input nama
2019-12-04 16:56:12,147 INFO c.g.j.p.w.s.WebDriverSampler: Click Mulai Chat
2019-12-04 16:56:12,222 INFO c.g.j.p.w.s.WebDriverSampler: input email
2019-12-04 16:56:12,293 INFO c.g.j.p.w.s.WebDriverSampler: input no-hp
2019-12-04 16:56:12,308 INFO c.g.j.p.w.s.WebDriverSampler: frame button Mulai Chat
2019-12-04 16:56:12,627 INFO c.g.j.p.w.s.WebDriverSampler: Click Mulai Chat
2019-12-04 16:56:12,655 INFO c.g.j.p.w.s.WebDriverSampler: User say HAI DIANA
2019-12-04 16:56:12,672 INFO c.g.j.p.w.s.WebDriverSampler: Bot response
2019-12-04 16:56:12,686 INFO c.g.j.p.w.s.WebDriverSampler: Bot response2
2019-12-04 16:56:12,697 INFO c.g.j.p.w.s.WebDriverSampler: Bot response3
2019-12-04 16:56:12,712 INFO c.g.j.p.w.s.WebDriverSampler: Bot response4
2019-12-04 16:56:12,727 INFO c.g.j.p.w.s.WebDriverSampler: Bot response5
2019-12-04 16:56:12,733 INFO c.g.j.p.w.s.WebDriverSampler: Click Mulai Chat
2019-12-04 16:56:12,964 INFO c.g.j.p.w.s.WebDriverSampler: Click Mulai Chat
2019-12-04 16:56:13,324 INFO c.g.j.p.w.s.WebDriverSampler: Click Mulai Chat
2019-12-04 16:56:13,576 INFO c.g.j.p.w.s.WebDriverSampler: Bot response6
2019-12-04 16:56:13,594 INFO c.g.j.p.w.s.WebDriverSampler: Bot response6
2019-12-04 16:56:13,622 INFO c.g.j.p.w.s.WebDriverSampler: Sample started
2019-12-04 16:56:13,682 INFO c.g.j.p.w.s.WebDriverSampler: go to Slim&Fit chat bot
2019-12-04 16:56:13,691 INFO c.g.j.p.w.s.WebDriverSampler: maximize
2019-12-04 16:56:13,816 INFO c.g.j.p.w.s.WebDriverSampler: Click Mulai Chat
2019-12-04 16:56:14,109 INFO c.g.j.p.w.s.WebDriverSampler: Bot response6
2019-12-04 16:56:14,123 INFO c.g.j.p.w.s.WebDriverSampler: Bot response6
2019-12-04 16:56:14,139 INFO o.a.j.t.JMeterThread: Thread is done: Users 1-1
2019-12-04 16:56:14,139 INFO o.a.j.t.JMeterThread: Thread finished: Users 1-1
2019-12-04 16:56:14,166 INFO c.g.j.p.w.s.WebDriverSampler: User say HAI DIANA
2019-12-04 16:56:14,191 INFO c.g.j.p.w.s.WebDriverSampler: Bot response
2019-12-04 16:56:14,208 INFO c.g.j.p.w.s.WebDriverSampler: Bot response2
2019-12-04 16:56:14,224 INFO c.g.j.p.w.s.WebDriverSampler: Bot response3
2019-12-04 16:56:14,243 INFO c.g.j.p.w.s.WebDriverSampler: Bot response4
2019-12-04 16:56:14,259 INFO c.g.j.p.w.s.WebDriverSampler: Bot response5
2019-12-04 16:56:14,480 INFO c.g.j.p.w.s.WebDriverSampler: Click Mulai Chat
2019-12-04 16:56:14,645 INFO c.g.j.p.w.s.WebDriverSampler: User say HAI DIANA
2019-12-04 16:56:14,660 INFO c.g.j.p.w.s.WebDriverSampler: Bot response
2019-12-04 16:56:14,675 INFO c.g.j.p.w.s.WebDriverSampler: Bot response2
2019-12-04 16:56:14,701 INFO c.g.j.p.w.s.WebDriverSampler: Bot response3
2019-12-04 16:56:14,716 INFO c.g.j.p.w.s.WebDriverSampler: Bot response4
2019-12-04 16:56:14,732 INFO c.g.j.p.w.s.WebDriverSampler: Bot response5
2019-12-04 16:56:14,732 INFO c.g.j.p.w.s.WebDriverSampler: iframe
2019-12-04 16:56:14,750 INFO c.g.j.p.w.s.WebDriverSampler: Bot response6
2019-12-04 16:56:14,762 INFO c.g.j.p.w.s.WebDriverSampler: explore page frame
2019-12-04 16:56:14,763 INFO c.g.j.p.w.s.WebDriverSampler: User say HAI DIANA
2019-12-04 16:56:14,791 INFO c.g.j.p.w.s.WebDriverSampler: Bot response6
2019-12-04 16:56:14,792 INFO c.g.j.p.w.s.WebDriverSampler: Bot response
2019-12-04 16:56:14,811 INFO o.a.j.t.JMeterThread: Thread is done: Users 1-5
2019-12-04 16:56:14,811 INFO o.a.j.t.JMeterThread: Thread finished: Users 1-5
2019-12-04 16:56:14,813 INFO c.g.j.p.w.s.WebDriverSampler: Bot response2
2019-12-04 16:56:14,847 INFO c.g.j.p.w.s.WebDriverSampler: Bot response3
2019-12-04 16:56:14,876 INFO c.g.j.p.w.s.WebDriverSampler: Bot response4
2019-12-04 16:56:14,896 INFO c.g.j.p.w.s.WebDriverSampler: Bot response5
2019-12-04 16:56:14,979 INFO c.g.j.p.w.s.WebDriverSampler: User say HAI DIANA
2019-12-04 16:56:14,993 INFO c.g.j.p.w.s.WebDriverSampler: Bot response
2019-12-04 16:56:15,005 INFO c.g.j.p.w.s.WebDriverSampler: Bot response2
2019-12-04 16:56:15,015 INFO c.g.j.p.w.s.WebDriverSampler: Bot response3
2019-12-04 16:56:15,029 INFO c.g.j.p.w.s.WebDriverSampler: Bot response4
2019-12-04 16:56:15,058 INFO c.g.j.p.w.s.WebDriverSampler: Bot response5
2019-12-04 16:56:15,343 INFO c.g.j.p.w.s.WebDriverSampler: User say HAI DIANA
2019-12-04 16:56:15,359 INFO c.g.j.p.w.s.WebDriverSampler: Bot response
2019-12-04 16:56:15,375 INFO c.g.j.p.w.s.WebDriverSampler: Bot response2
2019-12-04 16:56:15,396 INFO c.g.j.p.w.s.WebDriverSampler: Bot response3
2019-12-04 16:56:15,416 INFO c.g.j.p.w.s.WebDriverSampler: Bot response4
2019-12-04 16:56:15,432 INFO c.g.j.p.w.s.WebDriverSampler: Bot response5
2019-12-04 16:56:15,843 INFO c.g.j.p.w.s.WebDriverSampler: User say HAI DIANA
2019-12-04 16:56:15,860 INFO c.g.j.p.w.s.WebDriverSampler: Bot response
2019-12-04 16:56:15,874 INFO c.g.j.p.w.s.WebDriverSampler: Bot response2
2019-12-04 16:56:15,890 INFO c.g.j.p.w.s.WebDriverSampler: Bot response3
2019-12-04 16:56:15,907 INFO c.g.j.p.w.s.WebDriverSampler: Bot response4
2019-12-04 16:56:15,920 INFO c.g.j.p.w.s.WebDriverSampler: Bot response5
2019-12-04 16:56:16,282 INFO c.g.j.p.w.s.WebDriverSampler: Bot response6
2019-12-04 16:56:16,295 INFO c.g.j.p.w.s.WebDriverSampler: Bot response6
2019-12-04 16:56:16,334 INFO o.a.j.t.JMeterThread: Thread is done: Users 1-2
2019-12-04 16:56:16,334 INFO o.a.j.t.JMeterThread: Thread finished: Users 1-2
2019-12-04 16:56:16,500 INFO c.g.j.p.w.s.WebDriverSampler: User say HAI DIANA
2019-12-04 16:56:16,514 INFO c.g.j.p.w.s.WebDriverSampler: Bot response
2019-12-04 16:56:16,531 INFO c.g.j.p.w.s.WebDriverSampler: Bot response2
2019-12-04 16:56:16,550 INFO c.g.j.p.w.s.WebDriverSampler: Bot response3
2019-12-04 16:56:16,564 INFO c.g.j.p.w.s.WebDriverSampler: Bot response4
2019-12-04 16:56:16,583 INFO c.g.j.p.w.s.WebDriverSampler: Bot response5
2019-12-04 16:56:16,743 INFO c.g.j.p.w.s.WebDriverSampler: Bot response6
2019-12-04 16:56:16,756 INFO c.g.j.p.w.s.WebDriverSampler: Bot response6
2019-12-04 16:56:16,771 INFO o.a.j.t.JMeterThread: Thread is done: Users 1-3
2019-12-04 16:56:16,772 INFO o.a.j.t.JMeterThread: Thread finished: Users 1-3
2019-12-04 16:56:16,930 INFO c.g.j.p.w.s.WebDriverSampler: Bot response6
2019-12-04 16:56:16,945 INFO c.g.j.p.w.s.WebDriverSampler: Bot response6
2019-12-04 16:56:16,966 INFO c.g.j.p.w.s.WebDriverSampler: Sample started
2019-12-04 16:56:17,004 INFO c.g.j.p.w.s.WebDriverSampler: go to Slim&Fit chat bot
2019-12-04 16:56:17,009 INFO c.g.j.p.w.s.WebDriverSampler: maximize
2019-12-04 16:56:17,069 INFO c.g.j.p.w.s.WebDriverSampler: Bot response6
2019-12-04 16:56:17,078 INFO c.g.j.p.w.s.WebDriverSampler: Bot response6
2019-12-04 16:56:17,091 INFO o.a.j.t.JMeterThread: Thread is done: Users 1-4
2019-12-04 16:56:17,091 INFO o.a.j.t.JMeterThread: Thread finished: Users 1-4
2019-12-04 16:56:17,446 INFO c.g.j.p.w.s.WebDriverSampler: Bot response6
2019-12-04 16:56:17,460 INFO c.g.j.p.w.s.WebDriverSampler: Bot response6
2019-12-04 16:56:17,487 INFO c.g.j.p.w.s.WebDriverSampler: Sample started
2019-12-04 16:56:17,528 INFO c.g.j.p.w.s.WebDriverSampler: go to Slim&Fit chat bot
2019-12-04 16:56:17,535 INFO c.g.j.p.w.s.WebDriverSampler: maximize
2019-12-04 16:56:17,933 INFO c.g.j.p.w.s.WebDriverSampler: Bot response6
2019-12-04 16:56:17,948 INFO c.g.j.p.w.s.WebDriverSampler: Bot response6
2019-12-04 16:56:17,973 INFO c.g.j.p.w.s.WebDriverSampler: Sample started
2019-12-04 16:56:18,015 INFO c.g.j.p.w.s.WebDriverSampler: go to Slim&Fit chat bot
2019-12-04 16:56:18,027 INFO c.g.j.p.w.s.WebDriverSampler: maximize
2019-12-04 16:56:18,043 INFO c.g.j.p.w.s.WebDriverSampler: iframe
2019-12-04 16:56:18,059 INFO c.g.j.p.w.s.WebDriverSampler: explore page frame
2019-12-04 16:56:18,576 INFO c.g.j.p.w.s.WebDriverSampler: iframe
2019-12-04 16:56:18,590 INFO c.g.j.p.w.s.WebDriverSampler: explore page frame
2019-12-04 16:56:18,609 INFO c.g.j.p.w.s.WebDriverSampler: Bot response6
2019-12-04 16:56:18,625 INFO c.g.j.p.w.s.WebDriverSampler: Bot response6
2019-12-04 16:56:18,652 INFO c.g.j.p.w.s.WebDriverSampler: Sample started
2019-12-04 16:56:18,713 INFO c.g.j.p.w.s.WebDriverSampler: go to Slim&Fit chat bot
2019-12-04 16:56:18,723 INFO c.g.j.p.w.s.WebDriverSampler: maximize
2019-12-04 16:56:19,062 INFO c.g.j.p.w.s.WebDriverSampler: iframe
2019-12-04 16:56:19,076 INFO c.g.j.p.w.s.WebDriverSampler: explore page frame
2019-12-04 16:56:19,756 INFO c.g.j.p.w.s.WebDriverSampler: iframe
2019-12-04 16:56:19,765 INFO c.g.j.p.w.s.WebDriverSampler: explore page frame
2019-12-04 16:56:19,787 INFO c.g.j.p.w.s.WebDriverSampler: form input
2019-12-04 16:56:19,862 INFO c.g.j.p.w.s.WebDriverSampler: input nama
2019-12-04 16:56:19,927 INFO c.g.j.p.w.s.WebDriverSampler: input email
2019-12-04 16:56:19,980 INFO c.g.j.p.w.s.WebDriverSampler: input no-hp
2019-12-04 16:56:19,999 INFO c.g.j.p.w.s.WebDriverSampler: frame button Mulai Chat
2019-12-04 16:56:22,104 INFO c.g.j.p.w.s.WebDriverSampler: Click Mulai Chat
2019-12-04 16:56:24,141 INFO c.g.j.p.w.s.WebDriverSampler: User say HAI DIANA
2019-12-04 16:56:24,175 INFO c.g.j.p.w.s.WebDriverSampler: Bot response
2019-12-04 16:56:24,209 INFO c.g.j.p.w.s.WebDriverSampler: Bot response2
2019-12-04 16:56:24,244 INFO c.g.j.p.w.s.WebDriverSampler: Bot response3
2019-12-04 16:56:24,258 INFO c.g.j.p.w.s.WebDriverSampler: Bot response4
2019-12-04 16:56:24,275 INFO c.g.j.p.w.s.WebDriverSampler: Bot response5
2019-12-04 16:56:26,301 INFO c.g.j.p.w.s.WebDriverSampler: Bot response6
2019-12-04 16:56:26,319 INFO c.g.j.p.w.s.WebDriverSampler: Bot response6
2019-12-04 16:56:26,339 INFO o.a.j.t.JMeterThread: Thread is done: Users 1-9
2019-12-04 16:56:26,340 INFO o.a.j.t.JMeterThread: Thread finished: Users 1-9
